#! /usr/bin/vvp
:ivl_version "11.0 (stable)";
:ivl_delay_selection "TYPICAL";
:vpi_time_precision + 0;
:vpi_module "/usr/lib/x86_64-linux-gnu/ivl/system.vpi";
:vpi_module "/usr/lib/x86_64-linux-gnu/ivl/vhdl_sys.vpi";
:vpi_module "/usr/lib/x86_64-linux-gnu/ivl/vhdl_textio.vpi";
:vpi_module "/usr/lib/x86_64-linux-gnu/ivl/v2005_math.vpi";
:vpi_module "/usr/lib/x86_64-linux-gnu/ivl/va_math.vpi";
S_0x7fffbcefd2a0 .scope module, "t_Sequential_Binary_Multiplier" "t_Sequential_Binary_Multiplier" 2 2;
 .timescale 0 0;
P_0x7fffbcefd430 .param/l "dp_width" 0 2 3, +C4<00000000000000000000000000000101>;
v0x7fffbcf1a380_0 .var "Multiplicand", 4 0;
v0x7fffbcf1a460_0 .var "Multiplier", 4 0;
v0x7fffbcf1a530_0 .net "Product", 9 0, L_0x7fffbcf1a940;  1 drivers
v0x7fffbcf1a630_0 .net "Ready", 0 0, L_0x7fffbcf2ad90;  1 drivers
v0x7fffbcf1a700_0 .var "Start", 0 0;
v0x7fffbcf1a7a0_0 .var "clock", 0 0;
v0x7fffbcf1a870_0 .var "reset_b", 0 0;
S_0x7fffbcefd4d0 .scope module, "M0" "Sequential_Binary_Multiplier" 2 9, 3 1 0, S_0x7fffbcefd2a0;
 .timescale 0 0;
    .port_info 0 /OUTPUT 10 "Product";
    .port_info 1 /OUTPUT 1 "Ready";
    .port_info 2 /INPUT 5 "Multiplicand";
    .port_info 3 /INPUT 5 "Multiplier";
    .port_info 4 /INPUT 1 "Start";
    .port_info 5 /INPUT 1 "clock";
    .port_info 6 /INPUT 1 "reset_b";
P_0x7fffbcee9880 .param/l "BC_size" 0 3 8, +C4<00000000000000000000000000000011>;
P_0x7fffbcee98c0 .param/l "S_add" 0 3 10, C4<010>;
P_0x7fffbcee9900 .param/l "S_idle" 0 3 9, C4<001>;
P_0x7fffbcee9940 .param/l "S_shift" 0 3 11, C4<100>;
P_0x7fffbcee9980 .param/l "dp_width" 0 3 3, +C4<00000000000000000000000000000101>;
v0x7fffbcef5320_0 .var "A", 4 0;
v0x7fffbceeb0e0_0 .var "Add_regs", 0 0;
v0x7fffbcf19050_0 .var "B", 4 0;
v0x7fffbcf19110_0 .var "C", 0 0;
v0x7fffbcf191d0_0 .var "Decr_P", 0 0;
v0x7fffbcf192e0_0 .var "Load_regs", 0 0;
v0x7fffbcf193a0_0 .net "Multiplicand", 4 0, v0x7fffbcf1a380_0;  1 drivers
v0x7fffbcf19480_0 .net "Multiplier", 4 0, v0x7fffbcf1a460_0;  1 drivers
v0x7fffbcf19560_0 .var "P", 2 0;
v0x7fffbcf19640_0 .net "Product", 9 0, L_0x7fffbcf1a940;  alias, 1 drivers
v0x7fffbcf19720_0 .var "Q", 4 0;
v0x7fffbcf19800_0 .net "Ready", 0 0, L_0x7fffbcf2ad90;  alias, 1 drivers
v0x7fffbcf198c0_0 .var "Shift_regs", 0 0;
v0x7fffbcf19980_0 .net "Start", 0 0, v0x7fffbcf1a700_0;  1 drivers
v0x7fffbcf19a40_0 .net "Zero", 0 0, L_0x7fffbcf2ac20;  1 drivers
L_0x7f9e91fa00a8 .functor BUFT 1, C4<001>, C4<0>, C4<0>, C4<0>;
v0x7fffbcf19b00_0 .net/2u *"_ivl_10", 2 0, L_0x7f9e91fa00a8;  1 drivers
v0x7fffbcf19be0_0 .net *"_ivl_2", 31 0, L_0x7fffbcf1aa60;  1 drivers
v0x7fffbcf19cc0_0 .net *"_ivl_21", 0 0, L_0x7fffbcf2af00;  1 drivers
L_0x7f9e91fa0018 .functor BUFT 1, C4<00000000000000000000000000000>, C4<0>, C4<0>, C4<0>;
v0x7fffbcf19da0_0 .net *"_ivl_5", 28 0, L_0x7f9e91fa0018;  1 drivers
L_0x7f9e91fa0060 .functor BUFT 1, C4<00000000000000000000000000000000>, C4<0>, C4<0>, C4<0>;
v0x7fffbcf19e80_0 .net/2u *"_ivl_6", 31 0, L_0x7f9e91fa0060;  1 drivers
v0x7fffbcf19f60_0 .net "clock", 0 0, v0x7fffbcf1a7a0_0;  1 drivers
v0x7fffbcf1a020_0 .var "next_state", 2 0;
v0x7fffbcf1a100_0 .net "reset_b", 0 0, v0x7fffbcf1a870_0;  1 drivers
v0x7fffbcf1a1c0_0 .var "state", 2 0;
E_0x7fffbceea400 .event posedge, v0x7fffbcf19f60_0;
E_0x7fffbceea440 .event edge, v0x7fffbcf19a40_0, L_0x7fffbcf2af00, v0x7fffbcf19980_0, v0x7fffbcf1a1c0_0;
E_0x7fffbceea480/0 .event negedge, v0x7fffbcf1a100_0;
E_0x7fffbceea480/1 .event posedge, v0x7fffbcf19f60_0;
E_0x7fffbceea480 .event/or E_0x7fffbceea480/0, E_0x7fffbceea480/1;
L_0x7fffbcf1a940 .concat [ 5 5 0 0], v0x7fffbcf19720_0, v0x7fffbcef5320_0;
L_0x7fffbcf1aa60 .concat [ 3 29 0 0], v0x7fffbcf19560_0, L_0x7f9e91fa0018;
L_0x7fffbcf2ac20 .cmp/eq 32, L_0x7fffbcf1aa60, L_0x7f9e91fa0060;
L_0x7fffbcf2ad90 .cmp/eq 3, v0x7fffbcf1a1c0_0, L_0x7f9e91fa00a8;
L_0x7fffbcf2af00 .part v0x7fffbcf19720_0, 0, 1;
    .scope S_0x7fffbcefd4d0;
T_0 ;
    %wait E_0x7fffbceea480;
    %load/vec4 v0x7fffbcf1a100_0;
    %inv;
    %flag_set/vec4 8;
    %jmp/0xz  T_0.0, 8;
    %pushi/vec4 1, 0, 3;
    %assign/vec4 v0x7fffbcf1a1c0_0, 0;
    %jmp T_0.1;
T_0.0 ;
    %load/vec4 v0x7fffbcf1a020_0;
    %assign/vec4 v0x7fffbcf1a1c0_0, 0;
T_0.1 ;
    %jmp T_0;
    .thread T_0;
    .scope S_0x7fffbcefd4d0;
T_1 ;
    %wait E_0x7fffbceea440;
    %pushi/vec4 1, 0, 3;
    %store/vec4 v0x7fffbcf1a020_0, 0, 3;
    %pushi/vec4 0, 0, 1;
    %store/vec4 v0x7fffbcf192e0_0, 0, 1;
    %pushi/vec4 0, 0, 1;
    %store/vec4 v0x7fffbcf191d0_0, 0, 1;
    %pushi/vec4 0, 0, 1;
    %store/vec4 v0x7fffbceeb0e0_0, 0, 1;
    %pushi/vec4 0, 0, 1;
    %store/vec4 v0x7fffbcf198c0_0, 0, 1;
    %load/vec4 v0x7fffbcf1a1c0_0;
    %dup/vec4;
    %pushi/vec4 1, 0, 3;
    %cmp/u;
    %jmp/1 T_1.0, 6;
    %dup/vec4;
    %pushi/vec4 2, 0, 3;
    %cmp/u;
    %jmp/1 T_1.1, 6;
    %dup/vec4;
    %pushi/vec4 4, 0, 3;
    %cmp/u;
    %jmp/1 T_1.2, 6;
    %pushi/vec4 1, 0, 3;
    %store/vec4 v0x7fffbcf1a020_0, 0, 3;
    %jmp T_1.4;
T_1.0 ;
    %load/vec4 v0x7fffbcf19980_0;
    %flag_set/vec4 8;
    %jmp/0xz  T_1.5, 8;
    %pushi/vec4 2, 0, 3;
    %store/vec4 v0x7fffbcf1a020_0, 0, 3;
T_1.5 ;
    %pushi/vec4 1, 0, 1;
    %store/vec4 v0x7fffbcf192e0_0, 0, 1;
    %jmp T_1.4;
T_1.1 ;
    %pushi/vec4 4, 0, 3;
    %store/vec4 v0x7fffbcf1a020_0, 0, 3;
    %pushi/vec4 1, 0, 1;
    %store/vec4 v0x7fffbcf191d0_0, 0, 1;
    %load/vec4 v0x7fffbcf19720_0;
    %parti/s 1, 0, 2;
    %flag_set/vec4 8;
    %jmp/0xz  T_1.7, 8;
    %pushi/vec4 1, 0, 1;
    %store/vec4 v0x7fffbceeb0e0_0, 0, 1;
T_1.7 ;
    %jmp T_1.4;
T_1.2 ;
    %pushi/vec4 1, 0, 1;
    %store/vec4 v0x7fffbcf198c0_0, 0, 1;
    %load/vec4 v0x7fffbcf19a40_0;
    %flag_set/vec4 8;
    %jmp/0xz  T_1.9, 8;
    %pushi/vec4 1, 0, 3;
    %store/vec4 v0x7fffbcf1a020_0, 0, 3;
    %jmp T_1.10;
T_1.9 ;
    %pushi/vec4 2, 0, 3;
    %store/vec4 v0x7fffbcf1a020_0, 0, 3;
T_1.10 ;
    %jmp T_1.4;
T_1.4 ;
    %pop/vec4 1;
    %jmp T_1;
    .thread T_1, $push;
    .scope S_0x7fffbcefd4d0;
T_2 ;
    %wait E_0x7fffbceea400;
    %load/vec4 v0x7fffbcf192e0_0;
    %flag_set/vec4 8;
    %jmp/0xz  T_2.0, 8;
    %pushi/vec4 5, 0, 3;
    %assign/vec4 v0x7fffbcf19560_0, 0;
    %pushi/vec4 0, 0, 5;
    %assign/vec4 v0x7fffbcef5320_0, 0;
    %pushi/vec4 0, 0, 1;
    %assign/vec4 v0x7fffbcf19110_0, 0;
    %load/vec4 v0x7fffbcf193a0_0;
    %assign/vec4 v0x7fffbcf19050_0, 0;
    %load/vec4 v0x7fffbcf19480_0;
    %assign/vec4 v0x7fffbcf19720_0, 0;
T_2.0 ;
    %load/vec4 v0x7fffbceeb0e0_0;
    %flag_set/vec4 8;
    %jmp/0xz  T_2.2, 8;
    %load/vec4 v0x7fffbcef5320_0;
    %pad/u 6;
    %load/vec4 v0x7fffbcf19050_0;
    %pad/u 6;
    %add;
    %split/vec4 5;
    %assign/vec4 v0x7fffbcef5320_0, 0;
    %assign/vec4 v0x7fffbcf19110_0, 0;
T_2.2 ;
    %load/vec4 v0x7fffbcf198c0_0;
    %flag_set/vec4 8;
    %jmp/0xz  T_2.4, 8;
    %load/vec4 v0x7fffbcf19110_0;
    %load/vec4 v0x7fffbcef5320_0;
    %concat/vec4; draw_concat_vec4
    %load/vec4 v0x7fffbcf19720_0;
    %concat/vec4; draw_concat_vec4
    %ix/load 4, 1, 0;
    %flag_set/imm 4, 0;
    %shiftr 4;
    %split/vec4 5;
    %assign/vec4 v0x7fffbcf19720_0, 0;
    %split/vec4 5;
    %assign/vec4 v0x7fffbcef5320_0, 0;
    %assign/vec4 v0x7fffbcf19110_0, 0;
T_2.4 ;
    %load/vec4 v0x7fffbcf191d0_0;
    %flag_set/vec4 8;
    %jmp/0xz  T_2.6, 8;
    %load/vec4 v0x7fffbcf19560_0;
    %subi 1, 0, 3;
    %assign/vec4 v0x7fffbcf19560_0, 0;
T_2.6 ;
    %jmp T_2;
    .thread T_2;
    .scope S_0x7fffbcefd2a0;
T_3 ;
    %delay 200, 0;
    %vpi_call 2 12 "$finish" {0 0 0};
    %end;
    .thread T_3;
    .scope S_0x7fffbcefd2a0;
T_4 ;
    %pushi/vec4 0, 0, 1;
    %store/vec4 v0x7fffbcf1a700_0, 0, 1;
    %pushi/vec4 0, 0, 1;
    %store/vec4 v0x7fffbcf1a870_0, 0, 1;
    %delay 2, 0;
    %pushi/vec4 1, 0, 1;
    %store/vec4 v0x7fffbcf1a700_0, 0, 1;
    %pushi/vec4 1, 0, 1;
    %store/vec4 v0x7fffbcf1a870_0, 0, 1;
    %pushi/vec4 23, 0, 5;
    %store/vec4 v0x7fffbcf1a380_0, 0, 5;
    %pushi/vec4 19, 0, 5;
    %store/vec4 v0x7fffbcf1a460_0, 0, 5;
    %delay 10, 0;
    %pushi/vec4 0, 0, 1;
    %store/vec4 v0x7fffbcf1a700_0, 0, 1;
    %end;
    .thread T_4;
    .scope S_0x7fffbcefd2a0;
T_5 ;
    %pushi/vec4 0, 0, 1;
    %store/vec4 v0x7fffbcf1a7a0_0, 0, 1;
    %pushi/vec4 26, 0, 32;
T_5.0 %dup/vec4;
    %pushi/vec4 0, 0, 32;
    %cmp/s;
    %jmp/1xz T_5.1, 5;
    %jmp/1 T_5.1, 4;
    %pushi/vec4 1, 0, 32;
    %sub;
    %delay 5, 0;
    %load/vec4 v0x7fffbcf1a7a0_0;
    %inv;
    %store/vec4 v0x7fffbcf1a7a0_0, 0, 1;
    %jmp T_5.0;
T_5.1 ;
    %pop/vec4 1;
    %end;
    .thread T_5;
    .scope S_0x7fffbcefd2a0;
T_6 ;
    %wait E_0x7fffbceea400;
    %vpi_call 2 29 "$dumpfile", "tb_sbm.vcd" {0 0 0};
    %vpi_call 2 30 "$dumpvars" {0 0 0};
    %vpi_call 2 31 "$strobe", "C=%b A=%b Q=%b P=%b time=%0d", v0x7fffbcf19110_0, v0x7fffbcef5320_0, v0x7fffbcf19720_0, v0x7fffbcf19560_0, $time {0 0 0};
    %jmp T_6;
    .thread T_6;
# The file index is used to find the file name in the following table.
:file_names 4;
    "N/A";
    "<interactive>";
    "tb_sbm.v";
    "sbm.v";
